  Proyecto.cpp
c:\users\cristopher\desktop\trabajos\semestre 2022-2\cgeihc\proyecto\proyecto2022\proyectofinal\include\shader_m.h(44): warning C4101: 'e': variable local sin referencia
c:\users\cristopher\desktop\trabajos\semestre 2022-2\cgeihc\proyecto\proyecto2022\proyectofinal\include\modelanim.h(104): warning C4244: '=': conversión de 'double' a 'float'; posible pérdida de datos
c:\users\cristopher\desktop\trabajos\semestre 2022-2\cgeihc\proyecto\proyecto2022\proyectofinal\include\modelanim.h(520): warning C4244: 'inicializando': conversión de 'double' a 'float'; posible pérdida de datos
c:\users\cristopher\desktop\trabajos\semestre 2022-2\cgeihc\proyecto\proyecto2022\proyectofinal\proyecto.cpp(367): warning C4305: '+=': truncamiento de 'double' a 'float'
c:\users\cristopher\desktop\trabajos\semestre 2022-2\cgeihc\proyecto\proyecto2022\proyectofinal\proyecto.cpp(372): warning C4305: '+=': truncamiento de 'double' a 'float'
c:\users\cristopher\desktop\trabajos\semestre 2022-2\cgeihc\proyecto\proyecto2022\proyectofinal\proyecto.cpp(378): warning C4305: '+=': truncamiento de 'double' a 'float'
c:\users\cristopher\desktop\trabajos\semestre 2022-2\cgeihc\proyecto\proyecto2022\proyectofinal\proyecto.cpp(384): warning C4305: '+=': truncamiento de 'double' a 'float'
c:\users\cristopher\desktop\trabajos\semestre 2022-2\cgeihc\proyecto\proyecto2022\proyectofinal\proyecto.cpp(390): warning C4305: '+=': truncamiento de 'double' a 'float'
c:\users\cristopher\desktop\trabajos\semestre 2022-2\cgeihc\proyecto\proyecto2022\proyectofinal\proyecto.cpp(396): warning C4305: '+=': truncamiento de 'double' a 'float'
c:\users\cristopher\desktop\trabajos\semestre 2022-2\cgeihc\proyecto\proyecto2022\proyectofinal\proyecto.cpp(402): warning C4305: '+=': truncamiento de 'double' a 'float'
c:\users\cristopher\desktop\trabajos\semestre 2022-2\cgeihc\proyecto\proyecto2022\proyectofinal\proyecto.cpp(408): warning C4305: '+=': truncamiento de 'double' a 'float'
c:\users\cristopher\desktop\trabajos\semestre 2022-2\cgeihc\proyecto\proyecto2022\proyectofinal\proyecto.cpp(414): warning C4305: '+=': truncamiento de 'double' a 'float'
c:\users\cristopher\desktop\trabajos\semestre 2022-2\cgeihc\proyecto\proyecto2022\proyectofinal\proyecto.cpp(420): warning C4305: '+=': truncamiento de 'double' a 'float'
c:\users\cristopher\desktop\trabajos\semestre 2022-2\cgeihc\proyecto\proyecto2022\proyectofinal\proyecto.cpp(426): warning C4305: '+=': truncamiento de 'double' a 'float'
c:\users\cristopher\desktop\trabajos\semestre 2022-2\cgeihc\proyecto\proyecto2022\proyectofinal\proyecto.cpp(431): warning C4305: '+=': truncamiento de 'double' a 'float'
c:\users\cristopher\desktop\trabajos\semestre 2022-2\cgeihc\proyecto\proyecto2022\proyectofinal\proyecto.cpp(436): warning C4305: '+=': truncamiento de 'double' a 'float'
c:\users\cristopher\desktop\trabajos\semestre 2022-2\cgeihc\proyecto\proyecto2022\proyectofinal\proyecto.cpp(442): warning C4305: '+=': truncamiento de 'double' a 'float'
c:\users\cristopher\desktop\trabajos\semestre 2022-2\cgeihc\proyecto\proyecto2022\proyectofinal\proyecto.cpp(448): warning C4305: '+=': truncamiento de 'double' a 'float'
c:\users\cristopher\desktop\trabajos\semestre 2022-2\cgeihc\proyecto\proyecto2022\proyectofinal\proyecto.cpp(454): warning C4305: '+=': truncamiento de 'double' a 'float'
c:\users\cristopher\desktop\trabajos\semestre 2022-2\cgeihc\proyecto\proyecto2022\proyectofinal\proyecto.cpp(460): warning C4305: '+=': truncamiento de 'double' a 'float'
c:\users\cristopher\desktop\trabajos\semestre 2022-2\cgeihc\proyecto\proyecto2022\proyectofinal\proyecto.cpp(466): warning C4305: '+=': truncamiento de 'double' a 'float'
c:\users\cristopher\desktop\trabajos\semestre 2022-2\cgeihc\proyecto\proyecto2022\proyectofinal\proyecto.cpp(472): warning C4305: '+=': truncamiento de 'double' a 'float'
c:\users\cristopher\desktop\trabajos\semestre 2022-2\cgeihc\proyecto\proyecto2022\proyectofinal\proyecto.cpp(478): warning C4305: '+=': truncamiento de 'double' a 'float'
c:\users\cristopher\desktop\trabajos\semestre 2022-2\cgeihc\proyecto\proyecto2022\proyectofinal\proyecto.cpp(484): warning C4305: '+=': truncamiento de 'double' a 'float'
c:\users\cristopher\desktop\trabajos\semestre 2022-2\cgeihc\proyecto\proyecto2022\proyectofinal\proyecto.cpp(490): warning C4305: '+=': truncamiento de 'double' a 'float'
c:\users\cristopher\desktop\trabajos\semestre 2022-2\cgeihc\proyecto\proyecto2022\proyectofinal\proyecto.cpp(495): warning C4305: '+=': truncamiento de 'double' a 'float'
c:\users\cristopher\desktop\trabajos\semestre 2022-2\cgeihc\proyecto\proyecto2022\proyectofinal\proyecto.cpp(535): warning C4244: '=': conversión de 'double' a 'float'; posible pérdida de datos
c:\users\cristopher\desktop\trabajos\semestre 2022-2\cgeihc\proyecto\proyecto2022\proyectofinal\proyecto.cpp(1632): warning C4244: '=': conversión de 'double' a 'float'; posible pérdida de datos
c:\users\cristopher\desktop\trabajos\semestre 2022-2\cgeihc\proyecto\proyecto2022\proyectofinal\proyecto.cpp(1633): warning C4244: '=': conversión de 'double' a 'float'; posible pérdida de datos
c:\users\cristopher\desktop\trabajos\semestre 2022-2\cgeihc\proyecto\proyecto2022\proyectofinal\proyecto.cpp(1637): warning C4244: 'inicializando': conversión de 'double' a 'float'; posible pérdida de datos
c:\users\cristopher\desktop\trabajos\semestre 2022-2\cgeihc\proyecto\proyecto2022\proyectofinal\proyecto.cpp(1638): warning C4244: 'inicializando': conversión de 'double' a 'float'; posible pérdida de datos
c:\users\cristopher\desktop\trabajos\semestre 2022-2\cgeihc\proyecto\proyecto2022\proyectofinal\proyecto.cpp(1640): warning C4244: '=': conversión de 'double' a 'float'; posible pérdida de datos
c:\users\cristopher\desktop\trabajos\semestre 2022-2\cgeihc\proyecto\proyecto2022\proyectofinal\proyecto.cpp(1641): warning C4244: '=': conversión de 'double' a 'float'; posible pérdida de datos
c:\users\cristopher\desktop\trabajos\semestre 2022-2\cgeihc\proyecto\proyecto2022\proyectofinal\proyecto.cpp(1648): warning C4244: 'argumento': conversión de 'double' a 'float'; posible pérdida de datos
c:\users\cristopher\desktop\trabajos\semestre 2022-2\cgeihc\proyecto\proyecto2022\proyectofinal\include\camera.h(103): warning C4715: 'Camera::ProcessKeyboard': no todas las rutas de acceso de control devuelven un valor
  ProyectoFinal.vcxproj -> C:\Users\Cristopher\Desktop\Trabajos\Semestre 2022-2\CGeIHC\Proyecto\Proyecto2022\ProyectoFinal\Debug\ProyectoFinal.exe
